Línea 45: la propiedad ItemData de lstProfesion tenía una referencia a archivo no válida.
Línea 47: la propiedad List de lstProfesion tenía una referencia a archivo no válida.
Línea 66: la propiedad ItemData de lstGenero tenía una referencia a archivo no válida.
Línea 68: la propiedad List de lstGenero tenía una referencia a archivo no válida.
Línea 87: la propiedad ItemData de lstRaza tenía una referencia a archivo no válida.
Línea 89: la propiedad List de lstRaza tenía una referencia a archivo no válida.
Línea 108: la propiedad ItemData de lstHogar tenía una referencia a archivo no válida.
Línea 110: la propiedad List de lstHogar tenía una referencia a archivo no válida.
Línea 182: la propiedad MouseIcon de command1 tenía una referencia a archivo no válida.
Línea 191: la propiedad MouseIcon de command1 tenía una referencia a archivo no válida.
Línea 200: la propiedad MouseIcon de command1 tenía una referencia a archivo no válida.
Línea 209: la propiedad MouseIcon de command1 tenía una referencia a archivo no válida.
Línea 218: la propiedad MouseIcon de command1 tenía una referencia a archivo no válida.
Línea 227: la propiedad MouseIcon de command1 tenía una referencia a archivo no válida.
Línea 236: la propiedad MouseIcon de command1 tenía una referencia a archivo no válida.
Línea 245: la propiedad MouseIcon de command1 tenía una referencia a archivo no válida.
Línea 254: la propiedad MouseIcon de command1 tenía una referencia a archivo no válida.
Línea 263: la propiedad MouseIcon de command1 tenía una referencia a archivo no válida.
Línea 272: la propiedad MouseIcon de command1 tenía una referencia a archivo no válida.
Línea 281: la propiedad MouseIcon de command1 tenía una referencia a archivo no válida.
Línea 290: la propiedad MouseIcon de command1 tenía una referencia a archivo no válida.
Línea 299: la propiedad MouseIcon de command1 tenía una referencia a archivo no válida.
Línea 308: la propiedad MouseIcon de command1 tenía una referencia a archivo no válida.
Línea 317: la propiedad MouseIcon de command1 tenía una referencia a archivo no válida.
Línea 326: la propiedad MouseIcon de command1 tenía una referencia a archivo no válida.
Línea 335: la propiedad MouseIcon de command1 tenía una referencia a archivo no válida.
Línea 344: la propiedad MouseIcon de command1 tenía una referencia a archivo no válida.
Línea 353: la propiedad MouseIcon de command1 tenía una referencia a archivo no válida.
Línea 362: la propiedad MouseIcon de command1 tenía una referencia a archivo no válida.
Línea 371: la propiedad MouseIcon de command1 tenía una referencia a archivo no válida.
Línea 380: la propiedad MouseIcon de command1 tenía una referencia a archivo no válida.
Línea 389: la propiedad MouseIcon de command1 tenía una referencia a archivo no válida.
Línea 398: la propiedad MouseIcon de command1 tenía una referencia a archivo no válida.
Línea 407: la propiedad MouseIcon de command1 tenía una referencia a archivo no válida.
Línea 416: la propiedad MouseIcon de command1 tenía una referencia a archivo no válida.
Línea 425: la propiedad MouseIcon de command1 tenía una referencia a archivo no válida.
Línea 434: la propiedad MouseIcon de command1 tenía una referencia a archivo no válida.
Línea 443: la propiedad MouseIcon de command1 tenía una referencia a archivo no válida.
Línea 452: la propiedad MouseIcon de command1 tenía una referencia a archivo no válida.
Línea 461: la propiedad MouseIcon de command1 tenía una referencia a archivo no válida.
Línea 470: la propiedad MouseIcon de command1 tenía una referencia a archivo no válida.
Línea 479: la propiedad MouseIcon de command1 tenía una referencia a archivo no válida.
Línea 488: la propiedad MouseIcon de command1 tenía una referencia a archivo no válida.
Línea 497: la propiedad MouseIcon de command1 tenía una referencia a archivo no válida.
Línea 506: la propiedad MouseIcon de command1 tenía una referencia a archivo no válida.
Línea 515: la propiedad MouseIcon de command1 tenía una referencia a archivo no válida.
Línea 524: la propiedad MouseIcon de command1 tenía una referencia a archivo no válida.
Línea 533: la propiedad MouseIcon de command1 tenía una referencia a archivo no válida.
Línea 542: la propiedad MouseIcon de command1 tenía una referencia a archivo no válida.
Línea 551: la propiedad MouseIcon de command1 tenía una referencia a archivo no válida.
Línea 560: la propiedad MouseIcon de boton tenía una referencia a archivo no válida.
Línea 569: la propiedad MouseIcon de boton tenía una referencia a archivo no válida.
Línea 578: la propiedad MouseIcon de boton tenía una referencia a archivo no válida.
Línea 817: la propiedad Picture de imgHogar tenía una referencia a archivo no válida.
